2022-09-11 19:25:58,709 - tes1 - DEBUG - 注册成为会员
2022-09-11 19:25:58,945 - tes1 - DEBUG - 选购订单
2022-09-11 19:27:58,815 - tes1 - DEBUG - 注册成为会员
2022-09-11 19:27:59,042 - tes1 - DEBUG - 选购订单
2022-09-11 19:33:34,599 - tes1 - DEBUG - 注册成为会员
2022-09-11 19:33:34,831 - tes1 - DEBUG - 选购订单
2022-09-11 19:35:01,580 - tes1 - DEBUG - 注册成为会员
2022-09-11 19:35:01,809 - tes1 - DEBUG - 选购订单
2022-09-11 19:40:00,160 - tes1 - DEBUG - 注册成为会员
2022-09-11 19:40:00,390 - tes1 - DEBUG - 选购订单
2022-09-11 19:45:38,910 - tes1 - DEBUG - 注册成为会员
2022-09-11 19:45:39,133 - tes1 - DEBUG - 选购订单
2022-09-11 19:47:53,334 - tes1 - DEBUG - 注册成为会员
2022-09-11 19:47:53,558 - tes1 - DEBUG - 选购订单
2022-09-11 19:48:20,474 - tes1 - DEBUG - 注册成为会员
2022-09-11 19:48:20,704 - tes1 - DEBUG - 选购订单
2022-09-11 19:50:05,847 - tes1 - DEBUG - 注册成为会员
2022-09-11 19:50:06,075 - tes1 - DEBUG - 选购订单
2022-09-11 19:50:36,768 - tes1 - DEBUG - 注册成为会员
2022-09-11 19:50:37,433 - tes1 - DEBUG - 选购订单
2022-09-11 19:55:20,756 - tes1 - DEBUG - 注册成为会员
2022-09-11 19:55:20,975 - tes1 - DEBUG - 完成注册成为会员
2022-09-11 19:55:20,975 - tes1 - DEBUG - 选购订单
2022-09-11 20:00:00,067 - tes1 - DEBUG - 注册成为会员
2022-09-11 20:00:00,280 - tes1 - DEBUG - 完成注册成为会员
2022-09-11 20:00:00,280 - tes1 - DEBUG - 选购订单
2022-09-11 20:01:01,190 - tes1 - DEBUG - 注册成为会员
2022-09-11 20:01:01,419 - tes1 - DEBUG - 完成注册成为会员
2022-09-11 20:01:01,419 - tes1 - DEBUG - 选购订单
2022-09-11 20:01:08,763 - tes1 - DEBUG - <selenium.webdriver.remote.webelement.WebElement (session="ccf9ebdb376d1b277590275a7bddcee3", element="8f86639d-8e94-4a6f-ad64-5b93406f16cf")>
2022-09-11 20:01:41,566 - tes1 - DEBUG - 注册成为会员
2022-09-11 20:01:41,784 - tes1 - DEBUG - 完成注册成为会员
2022-09-11 20:01:41,785 - tes1 - DEBUG - 选购订单
2022-09-11 20:01:47,988 - tes1 - DEBUG - <selenium.webdriver.remote.webelement.WebElement (session="ef8a0069242c59ad0b5fc02b0705e881", element="1a251143-353f-40a8-ad34-4aeec4f3f6b2")>
2022-09-11 20:02:55,488 - tes1 - DEBUG - 注册成为会员
2022-09-11 20:02:55,719 - tes1 - DEBUG - 完成注册成为会员
2022-09-11 20:02:55,719 - tes1 - DEBUG - 选购订单
2022-09-11 20:03:02,137 - tes1 - DEBUG - <selenium.webdriver.remote.webelement.WebElement (session="6a5908c7824f5b72450206363b7399a0", element="e3c59cfd-b709-42a7-9963-e8910d1d52b7")>
2022-09-11 20:06:16,220 - tes1 - DEBUG - 注册成为会员
2022-09-11 20:06:16,444 - tes1 - DEBUG - 完成注册成为会员
2022-09-11 20:06:16,444 - tes1 - DEBUG - 选购订单
2022-09-11 20:09:06,395 - main_run1 - DEBUG - 用户注册完成
2022-09-11 20:09:15,112 - main_run1 - DEBUG - 立即结算
2022-09-11 20:09:18,926 - main_run1 - DEBUG - 添加收货地址
2022-09-11 20:09:24,114 - main_run1 - DEBUG - 完成注册账号：asas17 姓名：杨平tes 电话：13658496088
2022-09-11 20:09:24,382 - main_run1 - DEBUG - 用户注册完成
2022-09-11 20:09:27,571 - main_run1 - DEBUG - 立即结算
2022-09-11 20:09:31,344 - main_run1 - DEBUG - 添加收货地址
2022-09-11 20:09:37,009 - main_run1 - DEBUG - 完成注册账号：asas18 姓名：杨平tes 电话：13658496088
2022-09-11 20:09:37,337 - main_run1 - DEBUG - 用户注册完成
2022-09-11 20:09:40,521 - main_run1 - DEBUG - 立即结算
2022-09-11 20:09:44,300 - main_run1 - DEBUG - 添加收货地址
2022-09-11 20:09:49,495 - main_run1 - DEBUG - 完成注册账号：asas19 姓名：杨平tes 电话：13658496088
2022-09-11 20:09:49,800 - main_run1 - DEBUG - 用户注册完成
2022-09-11 20:09:53,013 - main_run1 - DEBUG - 立即结算
2022-09-11 20:09:56,801 - main_run1 - DEBUG - 添加收货地址
2022-09-11 20:10:01,972 - main_run1 - DEBUG - 完成注册账号：asas20 姓名：杨平tes 电话：13658496088
