2022-09-12 10:20:58,898 - main_run1 - DEBUG - 用户注册完成
2022-09-12 10:21:18,252 - main_run1 - DEBUG - 用户注册完成
2022-09-12 10:21:27,961 - main_run1 - DEBUG - 立即结算
2022-09-12 10:21:31,751 - main_run1 - DEBUG - 添加收货地址
2022-09-12 10:21:36,935 - main_run1 - DEBUG - 完成注册账号：aaas17 姓名：杨平tes 电话：13658496088
2022-09-12 10:21:37,197 - main_run1 - DEBUG - 用户注册完成
2022-09-12 10:21:40,374 - main_run1 - DEBUG - 立即结算
2022-09-12 10:21:44,159 - main_run1 - DEBUG - 添加收货地址
2022-09-12 10:21:49,244 - main_run1 - DEBUG - 完成注册账号：aaas18 姓名：杨平tes 电话：13658496088
2022-09-12 10:21:49,507 - main_run1 - DEBUG - 用户注册完成
2022-09-12 10:21:52,665 - main_run1 - DEBUG - 立即结算
2022-09-12 10:21:56,472 - main_run1 - DEBUG - 添加收货地址
2022-09-12 10:22:03,278 - main_run1 - DEBUG - 完成注册账号：aaas19 姓名：杨平tes 电话：13658496088
2022-09-12 10:22:05,182 - main_run1 - DEBUG - 用户注册完成
2022-09-12 10:22:08,536 - main_run1 - DEBUG - 立即结算
2022-09-12 10:22:12,331 - main_run1 - DEBUG - 添加收货地址
2022-09-12 10:22:18,006 - main_run1 - DEBUG - 完成注册账号：aaas20 姓名：杨平tes 电话：13658496088
2022-09-12 11:47:58,649 - tes1 - DEBUG - 注册成为会员
2022-09-12 11:47:58,886 - tes1 - DEBUG - 完成注册成为会员
2022-09-12 11:47:58,886 - tes1 - DEBUG - 选购订单
2022-09-12 17:43:16,881 - tes1 - DEBUG - 注册成为会员
2022-09-12 17:43:17,139 - tes1 - DEBUG - 完成注册成为会员
2022-09-12 17:43:17,139 - tes1 - DEBUG - 选购订单
2022-09-12 17:43:59,893 - tes1 - DEBUG - 注册成为会员
2022-09-12 17:44:00,148 - tes1 - DEBUG - 完成注册成为会员
2022-09-12 17:44:00,148 - tes1 - DEBUG - 选购订单
2022-09-12 17:53:05,284 - tes1 - DEBUG - 注册成为会员
2022-09-12 17:53:05,503 - tes1 - DEBUG - 完成注册成为会员
2022-09-12 17:53:05,503 - tes1 - DEBUG - 选购订单
2022-09-12 17:54:52,128 - tes1 - DEBUG - 注册成为会员
2022-09-12 17:54:52,374 - tes1 - DEBUG - 完成注册成为会员
2022-09-12 17:54:52,374 - tes1 - DEBUG - 选购订单
2022-09-12 18:02:21,283 - tes1 - DEBUG - 注册成为会员
2022-09-12 18:02:21,522 - tes1 - DEBUG - 完成注册成为会员
2022-09-12 18:02:21,523 - tes1 - DEBUG - 选购订单
2022-09-12 18:04:52,460 - tes1 - DEBUG - 注册成为会员
2022-09-12 18:04:52,701 - tes1 - DEBUG - 完成注册成为会员
2022-09-12 18:04:52,701 - tes1 - DEBUG - 选购订单
2022-09-12 18:06:54,257 - tes1 - DEBUG - 注册成为会员
2022-09-12 18:06:54,507 - tes1 - DEBUG - 完成注册成为会员
2022-09-12 18:06:54,508 - tes1 - DEBUG - 选购订单
2022-09-12 18:08:24,066 - tes1 - DEBUG - 注册成为会员
2022-09-12 18:08:24,312 - tes1 - DEBUG - 完成注册成为会员
2022-09-12 18:08:24,312 - tes1 - DEBUG - 选购订单
2022-09-12 18:09:45,178 - tes1 - DEBUG - 注册成为会员
2022-09-12 18:09:45,425 - tes1 - DEBUG - 完成注册成为会员
2022-09-12 18:09:45,425 - tes1 - DEBUG - 选购订单
2022-09-12 18:12:33,172 - tes1 - DEBUG - 注册成为会员
2022-09-12 18:12:33,396 - tes1 - DEBUG - 完成注册成为会员
2022-09-12 18:12:33,396 - tes1 - DEBUG - 选购订单
2022-09-12 18:13:02,343 - tes1 - DEBUG - 注册成为会员
2022-09-12 18:13:02,577 - tes1 - DEBUG - 完成注册成为会员
2022-09-12 18:13:02,577 - tes1 - DEBUG - 选购订单
2022-09-12 18:14:11,110 - tes1 - DEBUG - 注册成为会员
2022-09-12 18:14:11,351 - tes1 - DEBUG - 完成注册成为会员
2022-09-12 18:14:11,352 - tes1 - DEBUG - 选购订单
2022-09-12 18:15:10,842 - tes1 - DEBUG - 注册成为会员
2022-09-12 18:15:11,077 - tes1 - DEBUG - 完成注册成为会员
2022-09-12 18:15:11,077 - tes1 - DEBUG - 选购订单
2022-09-12 18:16:29,959 - tes1 - DEBUG - 注册成为会员
2022-09-12 18:16:30,197 - tes1 - DEBUG - 完成注册成为会员
2022-09-12 18:16:30,197 - tes1 - DEBUG - 选购订单
2022-09-12 18:16:42,207 - tes1 - DEBUG - 下一个注册成为会员
2022-09-12 18:17:11,716 - tes1 - DEBUG - 注册成为会员
2022-09-12 18:17:11,958 - tes1 - DEBUG - 完成注册成为会员
2022-09-12 18:17:11,958 - tes1 - DEBUG - 选购订单
2022-09-12 18:17:24,494 - tes1 - DEBUG - 下一个注册成为会员
